{"type":"RATE_LIMIT_EXCEEDED","ip":"::1","count":5,"time":"2026-05-22T15:04:15.419Z"}
{"type":"BLOCKED_BLACKLIST","ip":"::1","time":"2026-05-22T15:04:18.511Z"}
{"type":"BLOCKED_BLACKLIST","ip":"::1","time":"2026-05-22T15:04:24.329Z"}
{"type":"BLOCKED_BLACKLIST","ip":"::1","time":"2026-05-22T15:04:47.558Z"}
{"type":"BLOCKED_BLACKLIST","ip":"::1","time":"2026-05-22T15:09:20.875Z"}
{"type":"BLOCKED_BLACKLIST","ip":"::1","time":"2026-05-22T15:09:28.056Z"}
{"type":"BLOCKED_BLACKLIST","ip":"::1","time":"2026-05-22T15:09:44.459Z"}
{"type":"BLOCKED_BLACKLIST","ip":"::1","time":"2026-05-22T15:13:01.959Z"}
{"type":"BLOCKED_BLACKLIST","ip":"::1","time":"2026-05-22T15:13:01.986Z"}
{"type":"BLOCKED_BLACKLIST","ip":"::1","time":"2026-05-22T15:13:02.012Z"}
{"type":"BLOCKED_BLACKLIST","ip":"::1","time":"2026-05-22T15:13:02.037Z"}
{"type":"BLOCKED_BLACKLIST","ip":"::1","time":"2026-05-22T15:13:19.128Z"}
{"type":"BLOCKED_BLACKLIST","ip":"::1","time":"2026-05-22T15:13:19.143Z"}
{"type":"BLOCKED_BLACKLIST","ip":"::1","time":"2026-05-22T15:13:19.168Z"}
{"type":"BLOCKED_BLACKLIST","ip":"::1","time":"2026-05-22T15:13:19.183Z"}
{"type":"BLOCKED_BLACKLIST","ip":"::1","time":"2026-05-22T15:14:14.959Z"}
{"type":"BLOCKED_BLACKLIST","ip":"::1","time":"2026-05-22T15:14:15.097Z"}
{"type":"BLOCKED_BLACKLIST","ip":"::1","time":"2026-05-22T15:14:15.236Z"}
{"type":"BLOCKED_BLACKLIST","ip":"::1","time":"2026-05-22T15:14:15.363Z"}
{"type":"BLOCKED_BLACKLIST","ip":"::1","time":"2026-05-22T15:14:15.470Z"}
{"type":"BLOCKED_BLACKLIST","ip":"::1","time":"2026-05-22T15:14:15.592Z"}
{"type":"BLOCKED_BLACKLIST","ip":"::1","time":"2026-05-22T15:14:15.704Z"}
{"type":"BLOCKED_BLACKLIST","ip":"::1","time":"2026-05-22T15:14:15.850Z"}
{"type":"BLOCKED_BLACKLIST","ip":"::1","time":"2026-05-22T15:14:15.961Z"}
{"type":"BLOCKED_BLACKLIST","ip":"::1","time":"2026-05-22T15:14:16.067Z"}
{"type":"BLOCKED_BLACKLIST","ip":"::1","time":"2026-05-22T15:14:16.196Z"}
{"type":"BLOCKED_BLACKLIST","ip":"::1","time":"2026-05-22T15:14:16.307Z"}
{"type":"BLOCKED_BLACKLIST","ip":"::1","time":"2026-05-22T15:15:13.720Z"}
{"type":"BLOCKED_BLACKLIST","ip":"::1","time":"2026-05-22T15:15:13.847Z"}
{"type":"BLOCKED_BLACKLIST","ip":"::1","time":"2026-05-22T15:15:13.998Z"}
{"type":"BLOCKED_BLACKLIST","ip":"::1","time":"2026-05-22T15:15:14.148Z"}
{"type":"BLOCKED_BLACKLIST","ip":"::1","time":"2026-05-22T15:15:14.270Z"}
{"type":"BLOCKED_BLACKLIST","ip":"::1","time":"2026-05-22T15:15:14.390Z"}
{"type":"BLOCKED_BLACKLIST","ip":"::1","time":"2026-05-22T15:15:14.542Z"}
{"type":"BLOCKED_BLACKLIST","ip":"::1","time":"2026-05-22T15:15:14.710Z"}
{"type":"BLOCKED_BLACKLIST","ip":"::1","time":"2026-05-22T15:15:14.831Z"}
{"type":"BLOCKED_BLACKLIST","ip":"::1","time":"2026-05-22T15:15:14.952Z"}
{"type":"BLOCKED_BLACKLIST","ip":"::1","time":"2026-05-22T15:15:15.078Z"}
{"type":"BLOCKED_BLACKLIST","ip":"::1","time":"2026-05-22T15:15:15.201Z"}
{"type":"RATE_LIMIT_EXCEEDED","ip":"::1","count":5,"time":"2026-05-22T15:21:24.655Z"}
{"type":"BLOCKED_BLACKLIST","ip":"::1","time":"2026-05-22T15:21:38.461Z"}
{"type":"BLOCKED_BLACKLIST","ip":"::1","time":"2026-05-22T15:21:40.707Z"}
{"type":"BLOCKED_BLACKLIST","ip":"::1","time":"2026-05-22T15:21:43.677Z"}
{"type":"BLOCKED_BLACKLIST","ip":"::1","time":"2026-05-22T15:21:43.698Z"}
{"type":"BLOCKED_BLACKLIST","ip":"::1","time":"2026-05-22T15:21:43.704Z"}
{"type":"BLOCKED_BLACKLIST","ip":"::1","time":"2026-05-22T15:21:43.725Z"}
{"type":"BLOCKED_BLACKLIST","ip":"::1","time":"2026-05-22T15:21:50.728Z"}
{"type":"BLOCKED_BLACKLIST","ip":"::1","time":"2026-05-22T15:21:50.856Z"}
{"type":"BLOCKED_BLACKLIST","ip":"::1","time":"2026-05-22T15:21:50.974Z"}
{"type":"BLOCKED_BLACKLIST","ip":"::1","time":"2026-05-22T15:21:51.104Z"}
{"type":"BLOCKED_BLACKLIST","ip":"::1","time":"2026-05-22T15:21:51.256Z"}
{"type":"BLOCKED_BLACKLIST","ip":"::1","time":"2026-05-22T15:21:51.372Z"}
{"type":"BLOCKED_BLACKLIST","ip":"::1","time":"2026-05-22T15:21:51.493Z"}
{"type":"BLOCKED_BLACKLIST","ip":"::1","time":"2026-05-22T15:21:51.616Z"}
{"type":"BLOCKED_BLACKLIST","ip":"::1","time":"2026-05-22T15:21:51.773Z"}
{"type":"BLOCKED_BLACKLIST","ip":"::1","time":"2026-05-22T15:21:51.912Z"}
{"type":"BLOCKED_BLACKLIST","ip":"::1","time":"2026-05-22T15:21:52.043Z"}
{"type":"BLOCKED_BLACKLIST","ip":"::1","time":"2026-05-22T15:21:52.187Z"}
{"type":"ACCOUNT_LOCK_TRIGGERED","username":"admin","fails":10,"time":"2026-05-22T15:25:22.151Z"}
{"type":"ACCOUNT_LOCKED","username":"admin","ip":"::1","time":"2026-05-22T15:25:22.265Z"}
{"type":"ACCOUNT_LOCKED","username":"admin","ip":"::1","time":"2026-05-22T15:25:22.384Z"}
{"type":"ACCOUNT_LOCKED","username":"admin","ip":"::1","time":"2026-05-22T15:26:14.240Z"}
{"type":"ACCOUNT_LOCKED","username":"admin","ip":"::1","time":"2026-05-22T15:26:51.887Z"}
{"type":"ACCOUNT_LOCKED","username":"admin","ip":"::1","time":"2026-05-22T15:26:52.030Z"}
{"type":"ACCOUNT_LOCKED","username":"admin","ip":"::1","time":"2026-05-22T15:26:52.187Z"}
{"type":"ACCOUNT_LOCKED","username":"admin","ip":"::1","time":"2026-05-22T15:26:52.323Z"}
{"type":"RATE_LIMIT_EXCEEDED","ip":"::1","count":5,"time":"2026-05-22T15:26:52.468Z"}
{"type":"RATE_LIMIT_EXCEEDED","ip":"::1","count":5,"time":"2026-05-22T16:01:47.692Z"}
{"type":"BLOCKED_BLACKLIST","ip":"::1","time":"2026-05-22T16:01:51.875Z"}
{"type":"CREDENTIAL_STUFFING_DETECTED","ip":"::1","uniqueUsers":3,"accounts":["alice@mail.com","bob@mail.com","carol@mail.com"],"time":"2026-05-22T16:03:47.893Z"}
{"type":"BLOCKED_BLACKLIST","ip":"::1","time":"2026-05-22T16:04:02.188Z"}
{"type":"BLOCKED_BLACKLIST","ip":"::1","time":"2026-05-22T16:04:04.799Z"}
{"type":"CREDENTIAL_STUFFING_DETECTED","ip":"::1","uniqueUsers":3,"accounts":["ghost","admin","alice"],"time":"2026-05-22T16:05:12.809Z"}
{"type":"BLOCKED_BLACKLIST","ip":"::1","time":"2026-05-22T16:05:12.832Z"}
{"type":"ACCOUNT_LOCK_TRIGGERED","username":"admin","fails":10,"time":"2026-05-22T16:07:07.678Z"}
{"type":"ACCOUNT_LOCKED","username":"admin","ip":"::1","time":"2026-05-22T16:07:07.797Z"}
{"type":"ACCOUNT_LOCKED","username":"admin","ip":"::1","time":"2026-05-22T16:07:07.914Z"}
{"type":"ACCOUNT_LOCKED","username":"admin","ip":"::1","time":"2026-05-22T16:07:18.973Z"}
{"type":"RATE_LIMIT_EXCEEDED","ip":"::1","count":5,"time":"2026-05-22T16:08:01.133Z"}
{"type":"BLOCKED_BLACKLIST","ip":"::1","time":"2026-05-22T16:08:13.005Z"}
{"type":"BLOCKED_BLACKLIST","ip":"::1","time":"2026-05-22T16:08:13.129Z"}
{"type":"BLOCKED_BLACKLIST","ip":"::1","time":"2026-05-22T16:08:13.290Z"}
{"type":"BLOCKED_BLACKLIST","ip":"::1","time":"2026-05-22T16:08:13.451Z"}
{"type":"BLOCKED_BLACKLIST","ip":"::1","time":"2026-05-22T16:08:13.604Z"}
